# JRE version: Java(TM) SE Runtime Environment (9.0+11) (build 9.0.4+11)
# Java VM: Java HotSpot(TM) 64-Bit Server VM (9.0.4+11, mixed mode, tiered, compressed oops, g1 gc, windows-amd64)
Heap:
 garbage-first heap   total 245760K, used 74733K [0x0000000700000000, 0x0000000700100780, 0x00000007c0000000)
  region size 1024K, 13 young (13312K), 2 survivors (2048K)
 Metaspace       used 85657K, capacity 88921K, committed 93104K, reserved 1130496K
  class space    used 11466K, capacity 12099K, committed 12976K, reserved 1048576K
GC Heap History (10 events):
Event: 5471.273 GC heap before
{Heap before GC invocations=386 (full 31):
 garbage-first heap   total 204800K, used 124098K [0x0000000700000000, 0x0000000700100640, 0x00000007c0000000)
  region size 1024K, 60 young (61440K), 0 survivors (0K)
 Metaspace       used 85568K, capacity 88851K, committed 93104K, reserved 1130496K
  class space    used 11456K, capacity 12098K, committed 12976K, reserved 1048576K
}
Event: 5471.280 GC heap after
{Heap after GC invocations=387 (full 31):
 garbage-first heap   total 245760K, used 63471K [0x0000000700000000, 0x0000000700100780, 0x00000007c0000000)
  region size 1024K, 1 young (1024K), 1 survivors (1024K)
 Metaspace       used 85568K, capacity 88851K, committed 93104K, reserved 1130496K
  class space    used 11456K, capacity 12098K, committed 12976K, reserved 1048576K
}
Event: 5473.937 GC heap before
{Heap before GC invocations=387 (full 31):
 garbage-first heap   total 245760K, used 123887K [0x0000000700000000, 0x0000000700100780, 0x00000007c0000000)
  region size 1024K, 60 young (61440K), 1 survivors (1024K)
 Metaspace       used 85596K, capacity 88857K, committed 93104K, reserved 1130496K
  class space    used 11458K, capacity 12099K, committed 12976K, reserved 1048576K
}
Event: 5473.942 GC heap after
{Heap after GC invocations=388 (full 31):
 garbage-first heap   total 245760K, used 63631K [0x0000000700000000, 0x0000000700100780, 0x00000007c0000000)
  region size 1024K, 1 young (1024K), 1 survivors (1024K)
 Metaspace       used 85596K, capacity 88857K, committed 93104K, reserved 1130496K
  class space    used 11458K, capacity 12099K, committed 12976K, reserved 1048576K
}
Event: 5482.191 GC heap before
{Heap before GC invocations=388 (full 31):
 garbage-first heap   total 245760K, used 124047K [0x0000000700000000, 0x0000000700100780, 0x00000007c0000000)
  region size 1024K, 60 young (61440K), 1 survivors (1024K)
 Metaspace       used 85626K, capacity 88921K, committed 93104K, reserved 1130496K
  class space    used 11458K, capacity 12099K, committed 12976K, reserved 1048576K
}
Event: 5482.195 GC heap after
{Heap after GC invocations=389 (full 31):
 garbage-first heap   total 245760K, used 63716K [0x0000000700000000, 0x0000000700100780, 0x00000007c0000000)
  region size 1024K, 2 young (2048K), 2 survivors (2048K)
 Metaspace       used 85626K, capacity 88921K, committed 93104K, reserved 1130496K
  class space    used 11458K, capacity 12099K, committed 12976K, reserved 1048576K
}
Event: 5491.064 GC heap before
{Heap before GC invocations=389 (full 31):
 garbage-first heap   total 245760K, used 123108K [0x0000000700000000, 0x0000000700100780, 0x00000007c0000000)
  region size 1024K, 60 young (61440K), 2 survivors (2048K)
 Metaspace       used 85645K, capacity 88921K, committed 93104K, reserved 1130496K
  class space    used 11466K, capacity 12099K, committed 12976K, reserved 1048576K
}
Event: 5491.070 GC heap after
{Heap after GC invocations=390 (full 31):
 garbage-first heap   total 245760K, used 63742K [0x0000000700000000, 0x0000000700100780, 0x00000007c0000000)
  region size 1024K, 2 young (2048K), 2 survivors (2048K)
 Metaspace       used 85645K, capacity 88921K, committed 93104K, reserved 1130496K
  class space    used 11466K, capacity 12099K, committed 12976K, reserved 1048576K
}
Event: 5499.904 GC heap before
{Heap before GC invocations=390 (full 31):
 garbage-first heap   total 245760K, used 123134K [0x0000000700000000, 0x0000000700100780, 0x00000007c0000000)
  region size 1024K, 60 young (61440K), 2 survivors (2048K)
 Metaspace       used 85646K, capacity 88921K, committed 93104K, reserved 1130496K
  class space    used 11466K, capacity 12099K, committed 12976K, reserved 1048576K
}
Event: 5499.921 GC heap after
{Heap after GC invocations=391 (full 31):
 garbage-first heap   total 245760K, used 64493K [0x0000000700000000, 0x0000000700100780, 0x00000007c0000000)
  region size 1024K, 2 young (2048K), 2 survivors (2048K)
 Metaspace       used 85646K, capacity 88921K, committed 93104K, reserved 1130496K
  class space    used 11466K, capacity 12099K, committed 12976K, reserved 1048576K
}

