# JRE version: Java(TM) SE Runtime Environment (9.0+11) (build 9.0.4+11)
# Java VM: Java HotSpot(TM) 64-Bit Server VM (9.0.4+11, mixed mode, tiered, compressed oops, g1 gc, windows-amd64)
Heap:
 garbage-first heap   total 183296K, used 122026K [0x0000000700000000, 0x0000000700100598, 0x00000007c0000000)
  region size 1024K, 59 young (60416K), 1 survivors (1024K)
 Metaspace       used 83230K, capacity 89523K, committed 89676K, reserved 1126400K
  class space    used 11437K, capacity 12522K, committed 12620K, reserved 1048576K
GC Heap History (10 events):
Event: 228.405 GC heap before
{Heap before GC invocations=82 (full 11):
 garbage-first heap   total 183296K, used 124074K [0x0000000700000000, 0x0000000700100598, 0x00000007c0000000)
  region size 1024K, 60 young (61440K), 0 survivors (0K)
 Metaspace       used 82772K, capacity 89095K, committed 89292K, reserved 1126400K
  class space    used 11402K, capacity 12488K, committed 12492K, reserved 1048576K
}
Event: 228.410 GC heap after
{Heap after GC invocations=83 (full 11):
 garbage-first heap   total 183296K, used 63027K [0x0000000700000000, 0x0000000700100598, 0x00000007c0000000)
  region size 1024K, 1 young (1024K), 1 survivors (1024K)
 Metaspace       used 82772K, capacity 89095K, committed 89292K, reserved 1126400K
  class space    used 11402K, capacity 12488K, committed 12492K, reserved 1048576K
}
Event: 234.259 GC heap before
{Heap before GC invocations=83 (full 11):
 garbage-first heap   total 183296K, used 123443K [0x0000000700000000, 0x0000000700100598, 0x00000007c0000000)
  region size 1024K, 60 young (61440K), 1 survivors (1024K)
 Metaspace       used 83075K, capacity 89325K, committed 89676K, reserved 1126400K
  class space    used 11436K, capacity 12521K, committed 12620K, reserved 1048576K
}
Event: 234.262 GC heap after
{Heap after GC invocations=84 (full 11):
 garbage-first heap   total 183296K, used 63294K [0x0000000700000000, 0x0000000700100598, 0x00000007c0000000)
  region size 1024K, 1 young (1024K), 1 survivors (1024K)
 Metaspace       used 83075K, capacity 89325K, committed 89676K, reserved 1126400K
  class space    used 11436K, capacity 12521K, committed 12620K, reserved 1048576K
}
Event: 236.300 GC heap before
{Heap before GC invocations=84 (full 11):
 garbage-first heap   total 183296K, used 123710K [0x0000000700000000, 0x0000000700100598, 0x00000007c0000000)
  region size 1024K, 60 young (61440K), 1 survivors (1024K)
 Metaspace       used 83128K, capacity 89395K, committed 89676K, reserved 1126400K
  class space    used 11437K, capacity 12522K, committed 12620K, reserved 1048576K
}
Event: 236.304 GC heap after
{Heap after GC invocations=85 (full 11):
 garbage-first heap   total 183296K, used 63410K [0x0000000700000000, 0x0000000700100598, 0x00000007c0000000)
  region size 1024K, 1 young (1024K), 1 survivors (1024K)
 Metaspace       used 83128K, capacity 89395K, committed 89676K, reserved 1126400K
  class space    used 11437K, capacity 12522K, committed 12620K, reserved 1048576K
}
Event: 237.903 GC heap before
{Heap before GC invocations=85 (full 11):
 garbage-first heap   total 183296K, used 123826K [0x0000000700000000, 0x0000000700100598, 0x00000007c0000000)
  region size 1024K, 60 young (61440K), 1 survivors (1024K)
 Metaspace       used 83140K, capacity 89395K, committed 89676K, reserved 1126400K
  class space    used 11437K, capacity 12522K, committed 12620K, reserved 1048576K
}
Event: 237.913 GC heap after
{Heap after GC invocations=86 (full 11):
 garbage-first heap   total 183296K, used 63436K [0x0000000700000000, 0x0000000700100598, 0x00000007c0000000)
  region size 1024K, 1 young (1024K), 1 survivors (1024K)
 Metaspace       used 83140K, capacity 89395K, committed 89676K, reserved 1126400K
  class space    used 11437K, capacity 12522K, committed 12620K, reserved 1048576K
}
Event: 240.423 GC heap before
{Heap before GC invocations=86 (full 11):
 garbage-first heap   total 183296K, used 123852K [0x0000000700000000, 0x0000000700100598, 0x00000007c0000000)
  region size 1024K, 60 young (61440K), 1 survivors (1024K)
 Metaspace       used 83216K, capacity 89523K, committed 89676K, reserved 1126400K
  class space    used 11437K, capacity 12522K, committed 12620K, reserved 1048576K
}
Event: 240.433 GC heap after
{Heap after GC invocations=87 (full 11):
 garbage-first heap   total 183296K, used 63658K [0x0000000700000000, 0x0000000700100598, 0x00000007c0000000)
  region size 1024K, 1 young (1024K), 1 survivors (1024K)
 Metaspace       used 83216K, capacity 89523K, committed 89676K, reserved 1126400K
  class space    used 11437K, capacity 12522K, committed 12620K, reserved 1048576K
}

