# JRE version: Java(TM) SE Runtime Environment (9.0+11) (build 9.0.4+11)
# Java VM: Java HotSpot(TM) 64-Bit Server VM (9.0.4+11, mixed mode, tiered, compressed oops, g1 gc, windows-amd64)
Heap:
 garbage-first heap   total 157696K, used 113810K [0x0000000700000000, 0x00000007001004d0, 0x00000007c0000000)
  region size 1024K, 49 young (50176K), 2 survivors (2048K)
 Metaspace       used 86961K, capacity 88705K, committed 97404K, reserved 1132544K
  class space    used 11283K, capacity 11669K, committed 13436K, reserved 1048576K
GC Heap History (10 events):
Event: 5958.696 GC heap before
{Heap before GC invocations=802 (full 340):
 garbage-first heap   total 157696K, used 126433K [0x0000000700000000, 0x00000007001004d0, 0x00000007c0000000)
  region size 1024K, 60 young (61440K), 1 survivors (1024K)
 Metaspace       used 86943K, capacity 88705K, committed 97404K, reserved 1132544K
  class space    used 11283K, capacity 11669K, committed 13436K, reserved 1048576K
}
Event: 5958.703 GC heap after
{Heap after GC invocations=803 (full 340):
 garbage-first heap   total 157696K, used 66169K [0x0000000700000000, 0x00000007001004d0, 0x00000007c0000000)
  region size 1024K, 1 young (1024K), 1 survivors (1024K)
 Metaspace       used 86943K, capacity 88705K, committed 97404K, reserved 1132544K
  class space    used 11283K, capacity 11669K, committed 13436K, reserved 1048576K
}
Event: 5960.655 GC heap before
{Heap before GC invocations=803 (full 340):
 garbage-first heap   total 157696K, used 126585K [0x0000000700000000, 0x00000007001004d0, 0x00000007c0000000)
  region size 1024K, 60 young (61440K), 1 survivors (1024K)
 Metaspace       used 86960K, capacity 88705K, committed 97404K, reserved 1132544K
  class space    used 11283K, capacity 11669K, committed 13436K, reserved 1048576K
}
Event: 5960.660 GC heap after
{Heap after GC invocations=804 (full 340):
 garbage-first heap   total 157696K, used 66451K [0x0000000700000000, 0x00000007001004d0, 0x00000007c0000000)
  region size 1024K, 1 young (1024K), 1 survivors (1024K)
 Metaspace       used 86960K, capacity 88705K, committed 97404K, reserved 1132544K
  class space    used 11283K, capacity 11669K, committed 13436K, reserved 1048576K
}
Event: 5962.561 GC heap before
{Heap before GC invocations=804 (full 340):
 garbage-first heap   total 157696K, used 126867K [0x0000000700000000, 0x00000007001004d0, 0x00000007c0000000)
  region size 1024K, 60 young (61440K), 1 survivors (1024K)
 Metaspace       used 86960K, capacity 88705K, committed 97404K, reserved 1132544K
  class space    used 11283K, capacity 11669K, committed 13436K, reserved 1048576K
}
Event: 5962.566 GC heap after
{Heap after GC invocations=805 (full 340):
 garbage-first heap   total 157696K, used 66415K [0x0000000700000000, 0x00000007001004d0, 0x00000007c0000000)
  region size 1024K, 1 young (1024K), 1 survivors (1024K)
 Metaspace       used 86960K, capacity 88705K, committed 97404K, reserved 1132544K
  class space    used 11283K, capacity 11669K, committed 13436K, reserved 1048576K
}
Event: 5962.900 GC heap before
{Heap before GC invocations=805 (full 340):
 garbage-first heap   total 157696K, used 126831K [0x0000000700000000, 0x00000007001004d0, 0x00000007c0000000)
  region size 1024K, 60 young (61440K), 1 survivors (1024K)
 Metaspace       used 86960K, capacity 88705K, committed 97404K, reserved 1132544K
  class space    used 11283K, capacity 11669K, committed 13436K, reserved 1048576K
}
Event: 5962.907 GC heap after
{Heap after GC invocations=806 (full 340):
 garbage-first heap   total 157696K, used 66531K [0x0000000700000000, 0x00000007001004d0, 0x00000007c0000000)
  region size 1024K, 1 young (1024K), 1 survivors (1024K)
 Metaspace       used 86960K, capacity 88705K, committed 97404K, reserved 1132544K
  class space    used 11283K, capacity 11669K, committed 13436K, reserved 1048576K
}
Event: 5967.179 GC heap before
{Heap before GC invocations=806 (full 340):
 garbage-first heap   total 157696K, used 126947K [0x0000000700000000, 0x00000007001004d0, 0x00000007c0000000)
  region size 1024K, 60 young (61440K), 1 survivors (1024K)
 Metaspace       used 86961K, capacity 88705K, committed 97404K, reserved 1132544K
  class space    used 11283K, capacity 11669K, committed 13436K, reserved 1048576K
}
Event: 5967.184 GC heap after
{Heap after GC invocations=807 (full 340):
 garbage-first heap   total 157696K, used 66706K [0x0000000700000000, 0x00000007001004d0, 0x00000007c0000000)
  region size 1024K, 2 young (2048K), 2 survivors (2048K)
 Metaspace       used 86961K, capacity 88705K, committed 97404K, reserved 1132544K
  class space    used 11283K, capacity 11669K, committed 13436K, reserved 1048576K
}

