# JRE version: Java(TM) SE Runtime Environment (9.0+11) (build 9.0.4+11)
# Java VM: Java HotSpot(TM) 64-Bit Server VM (9.0.4+11, mixed mode, tiered, compressed oops, g1 gc, windows-amd64)
Heap:
 garbage-first heap   total 189440K, used 89217K [0x0000000700000000, 0x00000007001005c8, 0x00000007c0000000)
  region size 1024K, 24 young (24576K), 1 survivors (1024K)
 Metaspace       used 83933K, capacity 85589K, committed 93772K, reserved 1130496K
  class space    used 10748K, capacity 11117K, committed 12876K, reserved 1048576K
GC Heap History (10 events):
Event: 4274.704 GC heap before
{Heap before GC invocations=401 (full 111):
 garbage-first heap   total 189440K, used 123101K [0x0000000700000000, 0x00000007001005c8, 0x00000007c0000000)
  region size 1024K, 60 young (61440K), 0 survivors (0K)
 Metaspace       used 83930K, capacity 85589K, committed 93772K, reserved 1130496K
  class space    used 10748K, capacity 11117K, committed 12876K, reserved 1048576K
}
Event: 4274.710 GC heap after
{Heap after GC invocations=402 (full 111):
 garbage-first heap   total 189440K, used 62238K [0x0000000700000000, 0x00000007001005c8, 0x00000007c0000000)
  region size 1024K, 1 young (1024K), 1 survivors (1024K)
 Metaspace       used 83930K, capacity 85589K, committed 93772K, reserved 1130496K
  class space    used 10748K, capacity 11117K, committed 12876K, reserved 1048576K
}
Event: 4276.678 GC heap before
{Heap before GC invocations=402 (full 111):
 garbage-first heap   total 189440K, used 124702K [0x0000000700000000, 0x00000007001005c8, 0x00000007c0000000)
  region size 1024K, 60 young (61440K), 1 survivors (1024K)
 Metaspace       used 83930K, capacity 85589K, committed 93772K, reserved 1130496K
  class space    used 10748K, capacity 11117K, committed 12876K, reserved 1048576K
}
Event: 4276.681 GC heap after
{Heap after GC invocations=403 (full 111):
 garbage-first heap   total 189440K, used 64293K [0x0000000700000000, 0x00000007001005c8, 0x00000007c0000000)
  region size 1024K, 1 young (1024K), 1 survivors (1024K)
 Metaspace       used 83930K, capacity 85589K, committed 93772K, reserved 1130496K
  class space    used 10748K, capacity 11117K, committed 12876K, reserved 1048576K
}
Event: 4278.259 GC heap before
{Heap before GC invocations=403 (full 111):
 garbage-first heap   total 189440K, used 124709K [0x0000000700000000, 0x00000007001005c8, 0x00000007c0000000)
  region size 1024K, 60 young (61440K), 1 survivors (1024K)
 Metaspace       used 83930K, capacity 85589K, committed 93772K, reserved 1130496K
  class space    used 10748K, capacity 11117K, committed 12876K, reserved 1048576K
}
Event: 4278.262 GC heap after
{Heap after GC invocations=404 (full 111):
 garbage-first heap   total 189440K, used 64202K [0x0000000700000000, 0x00000007001005c8, 0x00000007c0000000)
  region size 1024K, 1 young (1024K), 1 survivors (1024K)
 Metaspace       used 83930K, capacity 85589K, committed 93772K, reserved 1130496K
  class space    used 10748K, capacity 11117K, committed 12876K, reserved 1048576K
}
Event: 4278.474 GC heap before
{Heap before GC invocations=404 (full 111):
 garbage-first heap   total 189440K, used 124618K [0x0000000700000000, 0x00000007001005c8, 0x00000007c0000000)
  region size 1024K, 60 young (61440K), 1 survivors (1024K)
 Metaspace       used 83931K, capacity 85589K, committed 93772K, reserved 1130496K
  class space    used 10748K, capacity 11117K, committed 12876K, reserved 1048576K
}
Event: 4278.477 GC heap after
{Heap after GC invocations=405 (full 111):
 garbage-first heap   total 189440K, used 64264K [0x0000000700000000, 0x00000007001005c8, 0x00000007c0000000)
  region size 1024K, 1 young (1024K), 1 survivors (1024K)
 Metaspace       used 83931K, capacity 85589K, committed 93772K, reserved 1130496K
  class space    used 10748K, capacity 11117K, committed 12876K, reserved 1048576K
}
Event: 4284.954 GC heap before
{Heap before GC invocations=405 (full 111):
 garbage-first heap   total 189440K, used 126728K [0x0000000700000000, 0x00000007001005c8, 0x00000007c0000000)
  region size 1024K, 60 young (61440K), 1 survivors (1024K)
 Metaspace       used 83933K, capacity 85589K, committed 93772K, reserved 1130496K
  class space    used 10748K, capacity 11117K, committed 12876K, reserved 1048576K
}
Event: 4284.959 GC heap after
{Heap after GC invocations=406 (full 111):
 garbage-first heap   total 189440K, used 66689K [0x0000000700000000, 0x00000007001005c8, 0x00000007c0000000)
  region size 1024K, 1 young (1024K), 1 survivors (1024K)
 Metaspace       used 83933K, capacity 85589K, committed 93772K, reserved 1130496K
  class space    used 10748K, capacity 11117K, committed 12876K, reserved 1048576K
}

